not even logined yet
Amit Pradhan
None
4.8
36.0
1.2
0.0
0.0
0.0
(datetime.date(2020, 10, 1), datetime.date(2020, 10, 31))
12
~~~~~~~~~~~~~~~
edited
not even logined yet
not even logined yet
not even logined yet
not even logined yet
not even logined yet
not even logined yet
not even logined yet
not even logined yet
not even logined yet
not even logined yet
not even logined yet
not even logined yet
not even logined yet
not even logined yet
not even logined yet
not even logined yet
not even logined yet
not even logined yet
not even logined yet
not even logined yet
not even logined yet
not even logined yet
not even logined yet
Nikita Pradhan

20.4
42.0
9.6
0.0
0.0
0.0
(datetime.date(2020, 10, 1), datetime.date(2020, 10, 31))
8
~~~~~~~~~~~~~~~
edited
not even logined yet
not even logined yet
not even logined yet
not even logined yet
not even logined yet
not even logined yet
Premika Pradhan

25.2
51.6
3.5999999999999996
0.0
0.0
0.0
(datetime.date(2020, 10, 1), datetime.date(2020, 10, 31))
9
~~~~~~~~~~~~~~~
edited
not even logined yet
not even logined yet
not even logined yet
not even logined yet
not even logined yet
not even logined yet
not even logined yet
not even logined yet
not even logined yet
not even logined yet
Salina Chettri
None
20.4
49.199999999999996
32.4
0.0
0.0
0.0
(datetime.date(2020, 10, 1), datetime.date(2020, 10, 31))
10
~~~~~~~~~~~~~~~
edited
not even logined yet
not even logined yet
not even logined yet
not even logined yet
not even logined yet
not even logined yet
not even logined yet
not even logined yet
not even logined yet
not even logined yet
not even logined yet
not even logined yet
not even logined yet
not even logined yet
not even logined yet
not even logined yet
not even logined yet
not even logined yet
not even logined yet
not even logined yet
Amit Pradhan
None
8.4
37.199999999999996
1.2
0.0
0.0
0.0
(datetime.date(2020, 10, 1), datetime.date(2020, 10, 31))
12
~~~~~~~~~~~~~~~
edited
not even logined yet
not even logined yet
not even logined yet
not even logined yet
not even logined yet
not even logined yet
not even logined yet
not even logined yet
not even logined yet
not even logined yet
not even logined yet
not even logined yet
not even logined yet
not even logined yet
not even logined yet
not even logined yet
not even logined yet
not even logined yet
not even logined yet
not even logined yet
not even logined yet
not even logined yet
not even logined yet
Nikita Pradhan

20.4
42.0
9.6
0.0
0.0
0.0
(datetime.date(2020, 10, 1), datetime.date(2020, 10, 31))
8
~~~~~~~~~~~~~~~
edited
not even logined yet
not even logined yet
not even logined yet
not even logined yet
not even logined yet
not even logined yet
Premika Pradhan

25.2
51.6
3.5999999999999996
0.0
0.0
0.0
(datetime.date(2020, 10, 1), datetime.date(2020, 10, 31))
9
~~~~~~~~~~~~~~~
edited
not even logined yet
not even logined yet
not even logined yet
not even logined yet
not even logined yet
not even logined yet
not even logined yet
not even logined yet
not even logined yet
not even logined yet
Salina Chettri
None
20.4
49.199999999999996
32.4
0.0
0.0
0.0
(datetime.date(2020, 10, 1), datetime.date(2020, 10, 31))
10
~~~~~~~~~~~~~~~
edited
not even logined yet
not even logined yet
not even logined yet
not even logined yet
not even logined yet
not even logined yet
not even logined yet
not even logined yet
not even logined yet
not even logined yet
not even logined yet
not even logined yet
not even logined yet
not even logined yet
not even logined yet
not even logined yet
not even logined yet
not even logined yet
not even logined yet
not even logined yet
Amit Pradhan
None
12.0
44.4
1.2
0.0
0.0
0.0
(datetime.date(2020, 10, 1), datetime.date(2020, 10, 31))
12
~~~~~~~~~~~~~~~
edited
not even logined yet
not even logined yet
not even logined yet
not even logined yet
not even logined yet
not even logined yet
not even logined yet
not even logined yet
not even logined yet
not even logined yet
not even logined yet
not even logined yet
not even logined yet
not even logined yet
not even logined yet
not even logined yet
not even logined yet
not even logined yet
not even logined yet
not even logined yet
not even logined yet
not even logined yet
not even logined yet
Nikita Pradhan

20.4
49.199999999999996
9.6
0.0
0.0
0.0
(datetime.date(2020, 10, 1), datetime.date(2020, 10, 31))
8
~~~~~~~~~~~~~~~
edited
not even logined yet
not even logined yet
not even logined yet
not even logined yet
not even logined yet
not even logined yet
Premika Pradhan

25.2
51.6
3.5999999999999996
0.0
0.0
0.0
(datetime.date(2020, 10, 1), datetime.date(2020, 10, 31))
9
~~~~~~~~~~~~~~~
edited
not even logined yet
not even logined yet
not even logined yet
not even logined yet
not even logined yet
not even logined yet
not even logined yet
not even logined yet
not even logined yet
not even logined yet
Salina Chettri
None
22.8
49.199999999999996
33.6
0.0
0.0
0.0
(datetime.date(2020, 10, 1), datetime.date(2020, 10, 31))
10
~~~~~~~~~~~~~~~
edited
not even logined yet
not even logined yet
not even logined yet
not even logined yet
not even logined yet
not even logined yet
not even logined yet
not even logined yet
not even logined yet
not even logined yet
not even logined yet
not even logined yet
not even logined yet
not even logined yet
not even logined yet
not even logined yet
not even logined yet
not even logined yet
not even logined yet
not even logined yet
Amit Pradhan
None
18.0
46.8
1.2
0.0
0.0
0.0
(datetime.date(2020, 10, 1), datetime.date(2020, 10, 31))
12
~~~~~~~~~~~~~~~
edited
not even logined yet
not even logined yet
not even logined yet
not even logined yet
not even logined yet
not even logined yet
not even logined yet
not even logined yet
not even logined yet
not even logined yet
not even logined yet
not even logined yet
not even logined yet
not even logined yet
not even logined yet
not even logined yet
not even logined yet
not even logined yet
not even logined yet
not even logined yet
not even logined yet
not even logined yet
not even logined yet
Nikita Pradhan

1.2
8.4
0.0
0.0
0.0
0.0
(datetime.date(2020, 10, 1), datetime.date(2020, 10, 31))
8
~~~~~~~~~~~~~~~
edited
not even logined yet
not even logined yet
not even logined yet
not even logined yet
not even logined yet
not even logined yet
Premika Pradhan

0.0
2.4
2.4
0.0
0.0
0.0
(datetime.date(2020, 10, 1), datetime.date(2020, 10, 31))
9
~~~~~~~~~~~~~~~
edited
not even logined yet
not even logined yet
not even logined yet
not even logined yet
not even logined yet
not even logined yet
not even logined yet
not even logined yet
not even logined yet
not even logined yet
Salina Chettri
None
7.199999999999999
0.0
1.2
0.0
0.0
0.0
(datetime.date(2020, 10, 1), datetime.date(2020, 10, 31))
10
~~~~~~~~~~~~~~~
edited
not even logined yet
not even logined yet
not even logined yet
not even logined yet
not even logined yet
not even logined yet
not even logined yet
not even logined yet
not even logined yet
not even logined yet
not even logined yet
not even logined yet
not even logined yet
not even logined yet
not even logined yet
not even logined yet
not even logined yet
not even logined yet
not even logined yet
